Log file open, 03/09/18 08:00:50
LogWindows: Failed to load 'aqProf.dll' (GetLastError=126)
LogWindows: File 'aqProf.dll' does not exist
LogWindows: Failed to load 'VSPerf140.dll' (GetLastError=126)
LogWindows: File 'VSPerf140.dll' does not exist
LogWindows: Failed to load 'VtuneApi.dll' (GetLastError=126)
LogWindows: File 'VtuneApi.dll' does not exist
LogWindows: Failed to load 'VtuneApi32e.dll' (GetLastError=126)
LogWindows: File 'VtuneApi32e.dll' does not exist
LogInit: Display: Running engine for game: VR_MovementTutorial
LogPlatformFile: Not using cached read wrapper
LogInit: Display: RandInit(550660078) SRandInit(550660078).
LogInit: Read version file with build ID '3709383'
LogInit: Overriding engine version to CL 3832480, compatible CL 3709383
LogInit: Registered custom module enumerator with build ID '3709383'
LogInit: Warning: Passing commandline switches using / instead of - has been deprecated and will be removed in future versions of Unreal Engine.
LogTaskGraph: Started task graph with 5 named threads and 14 total threads with 3 sets of task threads.
LogStats: Stats thread started at 0.188314
LogD3D11RHI: Aftermath initialized
LogInit: Warning: Passing commandline switches using / instead of - has been deprecated and will be removed in future versions of Unreal Engine.
LogModuleManager: Display: Found up-to-date module file ../../../Engine/Plugins/2D/Paper2D/Binaries/Win64/UE4Editor-Paper2D.dll (API version 3709383).
LogModuleManager: Display: Found up-to-date module file ../../../Engine/Plugins/2D/Paper2D/Binaries/Win64/UE4Editor-Paper2DEditor.dll (API version 3709383).
LogModuleManager: Display: Found up-to-date module file ../../../Engine/Plugins/2D/Paper2D/Binaries/Win64/UE4Editor-PaperSpriteSheetImporter.dll (API version 3709383).
LogModuleManager: Display: Found up-to-date module file ../../../Engine/Plugins/2D/Paper2D/Binaries/Win64/UE4Editor-PaperTiledImporter.dll (API version 3709383).
LogModuleManager: Display: Found up-to-date module file ../../../Engine/Plugins/2D/Paper2D/Binaries/Win64/UE4Editor-SmartSnapping.dll (API version 3709383).
LogModuleManager: Display: Found up-to-date module file ../../../Engine/Plugins/Blendables/LightPropagationVolume/Binaries/Win64/UE4Editor-LightPropagationVolumeRuntime.dll (API version 3709383).
LogModuleManager: Display: Found up-to-date module file ../../../Engine/Plugins/Blendables/LightPropagationVolume/Binaries/Win64/UE4Editor-LightPropagationVolumeEditor.dll (API version 3709383).
LogModuleManager: Display: Found up-to-date module file ../../../Engine/Plugins/Developer/GitSourceControl/Binaries/Win64/UE4Editor-GitSourceControl.dll (API version 3709383).
LogModuleManager: Display: Found up-to-date module file ../../../Engine/Plugins/Developer/PerforceSourceControl/Binaries/Win64/UE4Editor-PerforceSourceControl.dll (API version 3709383).
LogModuleManager: Display: Found up-to-date module file ../../../Engine/Plugins/Developer/SubversionSourceControl/Binaries/Win64/UE4Editor-SubversionSourceControl.dll (API version 3709383).
LogModuleManager: Display: Found up-to-date module file ../../../Engine/Plugins/Developer/UObjectPlugin/Binaries/Win64/UE4Editor-UObjectPlugin.dll (API version 3709383).
LogModuleManager: Display: Found up-to-date module file ../../../Engine/Plugins/Developer/VisualStudioCodeSourceCodeAccess/Binaries/Win64/UE4Editor-VisualStudioCodeSourceCodeAccess.dll (API version 3709383).
LogModuleManager: Display: Found up-to-date module file ../../../Engine/Plugins/Developer/VisualStudioSourceCodeAccess/Binaries/Win64/UE4Editor-VisualStudioSourceCodeAccess.dll (API version 3709383).
LogModuleManager: Display: Found up-to-date module file ../../../Engine/Plugins/Editor/AssetManagerEditor/Binaries/Win64/UE4Editor-AssetManagerEditor.dll (API version 3709383).
LogModuleManager: Display: Found up-to-date module file ../../../Engine/Plugins/Editor/AudioCapture/Binaries/Win64/UE4Editor-AudioCapture.dll (API version 3709383).
LogModuleManager: Display: Found up-to-date module file ../../../Engine/Plugins/Editor/FacialAnimation/Binaries/Win64/UE4Editor-FacialAnimation.dll (API version 3709383).
LogModuleManager: Display: Found up-to-date module file ../../../Engine/Plugins/Editor/FacialAnimation/Binaries/Win64/UE4Editor-FacialAnimationEditor.dll (API version 3709383).
LogModuleManager: Display: Found up-to-date module file ../../../Engine/Plugins/Editor/GameplayTagsEditor/Binaries/Win64/UE4Editor-GameplayTagsEditor.dll (API version 3709383).
LogModuleManager: Display: Found up-to-date module file ../../../Engine/Plugins/Editor/MobileLauncherProfileWizard/Binaries/Win64/UE4Editor-MobileLauncherProfileWizard.dll (API version 3709383).
LogModuleManager: Display: Found up-to-date module file ../../../Engine/Plugins/Editor/PluginBrowser/Binaries/Win64/UE4Editor-PluginBrowser.dll (API version 3709383).
LogModuleManager: Display: Found up-to-date module file ../../../Engine/Plugins/Editor/SpeedTreeImporter/Binaries/Win64/UE4Editor-SpeedTreeImporter.dll (API version 3709383).
LogModuleManager: Display: Found up-to-date module file ../../../Engine/Plugins/Experimental/AlembicImporter/Binaries/Win64/UE4Editor-AlembicImporter.dll (API version 3709383).
LogModuleManager: Display: Found up-to-date module file ../../../Engine/Plugins/Experimental/AlembicImporter/Binaries/Win64/UE4Editor-AlembicLibrary.dll (API version 3709383).
LogModuleManager: Display: Found up-to-date module file ../../../Engine/Plugins/Experimental/CharacterAI/Binaries/Win64/UE4Editor-CharacterAI.dll (API version 3709383).
LogModuleManager: Display: Found up-to-date module file ../../../Engine/Plugins/Experimental/HTML5Networking/Binaries/Win64/UE4Editor-HTML5Networking.dll (API version 3709383).
LogModuleManager: Display: Found up-to-date module file ../../../Engine/Plugins/Media/AndroidMedia/Binaries/Win64/UE4Editor-AndroidMediaEditor.dll (API version 3709383).
LogModuleManager: Display: Found up-to-date module file ../../../Engine/Plugins/Media/AndroidMedia/Binaries/Win64/UE4Editor-AndroidMediaFactory.dll (API version 3709383).
LogModuleManager: Display: Found up-to-date module file ../../../Engine/Plugins/Media/AvfMedia/Binaries/Win64/UE4Editor-AvfMediaEditor.dll (API version 3709383).
LogModuleManager: Display: Found up-to-date module file ../../../Engine/Plugins/Media/AvfMedia/Binaries/Win64/UE4Editor-AvfMediaFactory.dll (API version 3709383).
LogModuleManager: Display: Found up-to-date module file ../../../Engine/Plugins/Media/AvfMedia/Binaries/Win64/UE4Editor-AvfMediaFactory.dll (API version 3709383).
LogModuleManager: Display: Found up-to-date module file ../../../Engine/Plugins/Media/ImgMedia/Binaries/Win64/UE4Editor-ImgMedia.dll (API version 3709383).
LogModuleManager: Display: Found up-to-date module file ../../../Engine/Plugins/Media/ImgMedia/Binaries/Win64/UE4Editor-ImgMediaEditor.dll (API version 3709383).
LogModuleManager: Display: Found up-to-date module file ../../../Engine/Plugins/Media/ImgMedia/Binaries/Win64/UE4Editor-ImgMediaFactory.dll (API version 3709383).
LogModuleManager: Display: Found up-to-date module file ../../../Engine/Plugins/Media/ImgMedia/Binaries/Win64/UE4Editor-ImgMediaFactory.dll (API version 3709383).
LogModuleManager: Display: Found up-to-date module file ../../../Engine/Plugins/Media/ImgMedia/Binaries/Win64/UE4Editor-OpenExrWrapper.dll (API version 3709383).
LogModuleManager: Display: Found up-to-date module file ../../../Engine/Plugins/Media/MediaCompositing/Binaries/Win64/UE4Editor-MediaCompositing.dll (API version 3709383).
LogModuleManager: Display: Found up-to-date module file ../../../Engine/Plugins/Media/MediaCompositing/Binaries/Win64/UE4Editor-MediaCompositingEditor.dll (API version 3709383).
LogModuleManager: Display: Found up-to-date module file ../../../Engine/Plugins/Media/MediaPlayerEditor/Binaries/Win64/UE4Editor-MediaPlayerEditor.dll (API version 3709383).
LogModuleManager: Display: Found up-to-date module file ../../../Engine/Plugins/Media/WmfMedia/Binaries/Win64/UE4Editor-WmfMedia.dll (API version 3709383).
LogModuleManager: Display: Found up-to-date module file ../../../Engine/Plugins/Media/WmfMedia/Binaries/Win64/UE4Editor-WmfMediaEditor.dll (API version 3709383).
LogModuleManager: Display: Found up-to-date module file ../../../Engine/Plugins/Media/WmfMedia/Binaries/Win64/UE4Editor-WmfMediaFactory.dll (API version 3709383).
LogModuleManager: Display: Found up-to-date module file ../../../Engine/Plugins/Media/WmfMedia/Binaries/Win64/UE4Editor-WmfMediaFactory.dll (API version 3709383).
LogModuleManager: Display: Found up-to-date module file ../../../Engine/Plugins/Messaging/TcpMessaging/Binaries/Win64/UE4Editor-TcpMessaging.dll (API version 3709383).
LogModuleManager: Display: Found up-to-date module file ../../../Engine/Plugins/Messaging/UdpMessaging/Binaries/Win64/UE4Editor-UdpMessaging.dll (API version 3709383).
LogModuleManager: Display: Found up-to-date module file ../../../Engine/Plugins/MovieScene/ActorSequence/Binaries/Win64/UE4Editor-ActorSequence.dll (API version 3709383).
LogModuleManager: Display: Found up-to-date module file ../../../Engine/Plugins/MovieScene/LevelSequenceEditor/Binaries/Win64/UE4Editor-LevelSequenceEditor.dll (API version 3709383).
LogModuleManager: Display: Found up-to-date module file ../../../Engine/Plugins/MovieScene/MatineeToLevelSequence/Binaries/Win64/UE4Editor-MatineeToLevelSequence.dll (API version 3709383).
LogModuleManager: Display: Found up-to-date module file ../../../Engine/Plugins/Online/OnlineSubsystem/Binaries/Win64/UE4Editor-OnlineSubsystem.dll (API version 3709383).
LogModuleManager: Display: Found up-to-date module file ../../../Engine/Plugins/Runtime/AndroidPermission/Binaries/Win64/UE4Editor-AndroidPermission.dll (API version 3709383).
LogModuleManager: Display: Found up-to-date module file ../../../Engine/Plugins/Online/OnlineSubsystemNull/Binaries/Win64/UE4Editor-OnlineSubsystemNull.dll (API version 3709383).
LogModuleManager: Display: Found up-to-date module file ../../../Engine/Plugins/Online/OnlineSubsystemUtils/Binaries/Win64/UE4Editor-OnlineSubsystemUtils.dll (API version 3709383).
LogModuleManager: Display: Found up-to-date module file ../../../Engine/Plugins/Online/OnlineSubsystemUtils/Binaries/Win64/UE4Editor-OnlineBlueprintSupport.dll (API version 3709383).
LogModuleManager: Display: Found up-to-date module file ../../../Engine/Plugins/Runtime/AndroidDeviceProfileSelector/Binaries/Win64/UE4Editor-AndroidDeviceProfileSelector.dll (API version 3709383).
LogModuleManager: Display: Found up-to-date module file ../../../Engine/Plugins/Runtime/AppleARKit/Binaries/Win64/UE4Editor-AppleARKit.dll (API version 3709383).
LogModuleManager: Display: Found up-to-date module file ../../../Engine/Plugins/Runtime/ArchVisCharacter/Binaries/Win64/UE4Editor-ArchVisCharacter.dll (API version 3709383).
LogModuleManager: Display: Found up-to-date module file ../../../Engine/Plugins/Runtime/CableComponent/Binaries/Win64/UE4Editor-CableComponent.dll (API version 3709383).
LogModuleManager: Display: Found up-to-date module file ../../../Engine/Plugins/Runtime/CustomMeshComponent/Binaries/Win64/UE4Editor-CustomMeshComponent.dll (API version 3709383).
LogModuleManager: Display: Found up-to-date module file ../../../Engine/Plugins/Runtime/ExampleDeviceProfileSelector/Binaries/Win64/UE4Editor-ExampleDeviceProfileSelector.dll (API version 3709383).
LogModuleManager: Display: Found up-to-date module file ../../../Engine/Plugins/Runtime/ImmediatePhysics/Binaries/Win64/UE4Editor-ImmediatePhysics.dll (API version 3709383).
LogModuleManager: Display: Found up-to-date module file ../../../Engine/Plugins/Runtime/ImmediatePhysics/Binaries/Win64/UE4Editor-ImmediatePhysicsEditor.dll (API version 3709383).
LogModuleManager: Display: Found up-to-date module file ../../../Engine/Plugins/Runtime/LocationServicesBPLibrary/Binaries/Win64/UE4Editor-LocationServicesBPLibrary.dll (API version 3709383).
LogModuleManager: Display: Found up-to-date module file ../../../Engine/Plugins/Runtime/MobilePatchingUtils/Binaries/Win64/UE4Editor-MobilePatchingUtils.dll (API version 3709383).
LogModuleManager: Display: Found up-to-date module file ../../../Engine/Plugins/Runtime/Oculus/OculusVR/Binaries/Win64/UE4Editor-OculusHMD.dll (API version 3709383).
LogModuleManager: Display: Found up-to-date module file ../../../Engine/Plugins/Runtime/Oculus/OculusVR/Binaries/Win64/UE4Editor-OculusInput.dll (API version 3709383).
LogModuleManager: Display: Found up-to-date module file ../../../Engine/Plugins/Runtime/Oculus/OculusVR/Binaries/Win64/UE4Editor-OculusEditor.dll (API version 3709383).
LogModuleManager: Display: Found up-to-date module file ../../../Engine/Plugins/Runtime/PhysXVehicles/Binaries/Win64/UE4Editor-PhysXVehicles.dll (API version 3709383).
LogModuleManager: Display: Found up-to-date module file ../../../Engine/Plugins/Runtime/PhysXVehicles/Binaries/Win64/UE4Editor-PhysXVehiclesEditor.dll (API version 3709383).
LogModuleManager: Display: Found up-to-date module file ../../../Engine/Plugins/Runtime/ProceduralMeshComponent/Binaries/Win64/UE4Editor-ProceduralMeshComponent.dll (API version 3709383).
LogModuleManager: Display: Found up-to-date module file ../../../Engine/Plugins/Runtime/ProceduralMeshComponent/Binaries/Win64/UE4Editor-ProceduralMeshComponentEditor.dll (API version 3709383).
LogModuleManager: Display: Found up-to-date module file ../../../Engine/Plugins/Runtime/RuntimePhysXCooking/Binaries/Win64/UE4Editor-RuntimePhysXCooking.dll (API version 3709383).
LogModuleManager: Display: Found up-to-date module file ../../../Engine/Plugins/Runtime/Steam/SteamVR/Binaries/Win64/UE4Editor-SteamVR.dll (API version 3709383).
LogModuleManager: Display: Found up-to-date module file ../../../Engine/Plugins/Runtime/Steam/SteamVR/Binaries/Win64/UE4Editor-SteamVRController.dll (API version 3709383).
LogModuleManager: Display: Found up-to-date module file ../../../Engine/Plugins/Runtime/WindowsMoviePlayer/Binaries/Win64/UE4Editor-WindowsMoviePlayer.dll (API version 3709383).
LogPluginManager: Mounting plugin Paper2D
LogPluginManager: Mounting plugin LightPropagationVolume
LogPluginManager: Mounting plugin CodeLiteSourceCodeAccess
LogPluginManager: Mounting plugin GitSourceControl
LogPluginManager: Mounting plugin KDevelopSourceCodeAccess
LogPluginManager: Mounting plugin NullSourceCodeAccess
LogPluginManager: Mounting plugin PerforceSourceControl
LogPluginManager: Mounting plugin SubversionSourceControl
LogPluginManager: Mounting plugin UObjectPlugin
LogPluginManager: Mounting plugin VisualStudioCodeSourceCodeAccess
LogPluginManager: Mounting plugin VisualStudioSourceCodeAccess
LogPluginManager: Mounting plugin XCodeSourceCodeAccess
LogPluginManager: Mounting plugin AssetManagerEditor
LogPluginManager: Mounting plugin AudioCapture
LogPluginManager: Mounting plugin FacialAnimation
LogPluginManager: Mounting plugin GameplayTagsEditor
LogPluginManager: Mounting plugin MobileLauncherProfileWizard
LogPluginManager: Mounting plugin PluginBrowser
LogPluginManager: Mounting plugin SpeedTreeImporter
LogPluginManager: Mounting plugin AlembicImporter
LogPluginManager: Mounting plugin CharacterAI
LogPluginManager: Mounting plugin HTML5Networking
LogPluginManager: Mounting plugin AndroidMedia
LogPluginManager: Mounting plugin AvfMedia
LogPluginManager: Mounting plugin ImgMedia
LogPluginManager: Mounting plugin MediaCompositing
LogPluginManager: Mounting plugin MediaPlayerEditor
LogPluginManager: Mounting plugin WmfMedia
LogPluginManager: Mounting plugin TcpMessaging
LogPluginManager: Mounting plugin UdpMessaging
LogPluginManager: Mounting plugin ActorSequence
LogPluginManager: Mounting plugin LevelSequenceEditor
LogPluginManager: Mounting plugin MatineeToLevelSequence
LogPluginManager: Mounting plugin OnlineSubsystemGooglePlay
LogPluginManager: Mounting plugin OnlineSubsystemIOS
LogPluginManager: Mounting plugin OnlineSubsystem
LogPluginManager: Mounting plugin OnlineSubsystemNull
LogPluginManager: Mounting plugin OnlineSubsystemUtils
LogPluginManager: Mounting plugin AndroidDeviceProfileSelector
LogPluginManager: Mounting plugin AndroidMoviePlayer
LogPluginManager: Mounting plugin AndroidPermission
LogPluginManager: Mounting plugin AppleARKit
LogPluginManager: Mounting plugin AppleMoviePlayer
LogPluginManager: Mounting plugin ArchVisCharacter
LogPluginManager: Mounting plugin CableComponent
LogPluginManager: Mounting plugin CustomMeshComponent
LogPluginManager: Mounting plugin ExampleDeviceProfileSelector
LogPluginManager: Mounting plugin GoogleCloudMessaging
LogPluginManager: Mounting plugin ImmediatePhysics
LogPluginManager: Mounting plugin IOSDeviceProfileSelector
LogPluginManager: Mounting plugin LinuxDeviceProfileSelector
LogPluginManager: Mounting plugin LocationServicesBPLibrary
LogPluginManager: Mounting plugin MobilePatchingUtils
LogPluginManager: Mounting plugin OculusVR
LogPluginManager: Plugin shader directory ../../../Engine/Plugins/Runtime/Oculus/OculusVR/Shaders found
LogPluginManager: Mapping shader source directory ../../../Engine/Plugins/Runtime/Oculus/OculusVR/Shaders to virtual directory /Plugin/OculusVR
LogPluginManager: Mounting plugin PhysXVehicles
LogPluginManager: Mounting plugin ProceduralMeshComponent
LogPluginManager: Mounting plugin RuntimePhysXCooking
LogPluginManager: Mounting plugin SteamVR
LogPluginManager: Mounting plugin WindowsMoviePlayer
LogInit: Using libcurl 7.47.1
LogInit:  - built for x86_64-pc-win32
LogInit:  - supports SSL with OpenSSL/1.0.2g
LogInit:  - supports HTTP deflate (compression) using libz 1.2.8
LogInit:  - other features:
LogInit:      CURL_VERSION_SSL
LogInit:      CURL_VERSION_LIBZ
LogInit:      CURL_VERSION_IPV6
LogInit:      CURL_VERSION_ASYNCHDNS
LogInit:      CURL_VERSION_LARGEFILE
LogInit:      CURL_VERSION_IDN
LogInit:  CurlRequestOptions (configurable via config and command line):
LogInit:  - bVerifyPeer = false  - Libcurl will NOT verify peer certificate
LogInit:  - bUseHttpProxy = false  - Libcurl will NOT use HTTP proxy
LogInit:  - bDontReuseConnections = false  - Libcurl will reuse connections
LogInit:  - CertBundlePath = nullptr  - Libcurl will use whatever was configured at build time.
LogInit: Build: ++UE4+Release-4.18-CL-3832480
LogInit: Engine Version: 4.18.3-3832480+++UE4+Release-4.18
LogInit: Compatible Engine Version: 4.18.0-3709383+++UE4+Release-4.18
LogInit: Net CL: 3709383
LogDevObjectVersion: Number of dev versions registered: 16
LogDevObjectVersion:   Dev-Blueprints (B0D832E4-1F89-4F0D-ACCF-7EB736FD4AA2): 10
LogDevObjectVersion:   Dev-Build (E1C64328-A22C-4D53-A36C-8E866417BD8C): 0
LogDevObjectVersion:   Dev-Core (375EC13C-06E4-48FB-B500-84F0262A717E): 2
LogDevObjectVersion:   Dev-Editor (E4B068ED-F494-42E9-A231-DA0B2E46BB41): 20
LogDevObjectVersion:   Dev-Framework (CFFC743F-43B0-4480-9391-14DF171D2073): 30
LogDevObjectVersion:   Dev-Mobile (B02B49B5-BB20-44E9-A304-32B752E40360): 0
LogDevObjectVersion:   Dev-Networking (A4E4105C-59A1-49B5-A7C5-40C4547EDFEE): 0
LogDevObjectVersion:   Dev-Online (39C831C9-5AE6-47DC-9A44-9C173E1C8E7C): 0
LogDevObjectVersion:   Dev-Physics (78F01B33-EBEA-4F98-B9B4-84EACCB95AA2): 0
LogDevObjectVersion:   Dev-Platform (6631380F-2D4D-43E0-8009-CF276956A95A): 0
LogDevObjectVersion:   Dev-Rendering (12F88B9F-8875-4AFC-A67C-D90C383ABD29): 20
LogDevObjectVersion:   Dev-Sequencer (7B5AE74C-D270-4C10-A958-57980B212A5A): 4
LogDevObjectVersion:   Dev-VR (D7296918-1DD6-4BDD-9DE2-64A83CC13884): 0
LogDevObjectVersion:   Dev-LoadTimes (C2A15278-BFE7-4AFE-6C17-90FF531DF755): 1
LogDevObjectVersion:   Private-Geometry (6EACA3D4-40EC-4CC1-B786-8BED09428FC5): 1
LogDevObjectVersion:   Dev-AnimPhys (29E575DD-E0A3-4627-9D10-D276232CDCEA): 12
LogInit: Compiled (64-bit): Jan 12 2018 02:04:55
LogInit: Compiled with Visual C++: 19.00.24215.01
LogInit: Build Configuration: Development
LogInit: Branch Name: ++UE4+Release-4.18
LogInit: Command line:  /Game/VirtualRealityBP/Maps/MotionControllerMap -game -PIEVIACONSOLE -ResX=1280 -ResY=720  -Multiprocess -messaging -SessionName="Play in Standalone Game" -windowed 
LogInit: Base directory: F:/Epic Games/UE_4.18/Engine/Binaries/Win64/
LogInit: Installed Engine Build: 1
LogInit: Presizing for max 8388607 objects, including 0 objects not considered by GC, pre-allocating 0 bytes for permanent pool.
LogInit: Object subsystem initialized
[2018.03.09-14.00.51:954][  0]LogInit: Selected Device Profile: [Windows]
[2018.03.09-14.00.51:954][  0]LogInit: Applying CVar settings loaded from the selected device profile: [Windows]
[2018.03.09-14.00.51:958][  0]LogInit: Computer: DESKTOP-LFHKEP9
[2018.03.09-14.00.51:958][  0]LogInit: User: adler
[2018.03.09-14.00.51:958][  0]LogInit: CPU Page size=4096, Cores=4
[2018.03.09-14.00.51:958][  0]LogInit: High frequency timer resolution =2.531255 MHz
[2018.03.09-14.00.51:959][  0]LogMemory: Memory total: Physical=23.9GB (24GB approx)
[2018.03.09-14.00.51:959][  0]LogMemory: Platform Memory Stats for Windows
[2018.03.09-14.00.51:959][  0]LogMemory: Process Physical Memory: 272.11 MB used, 272.11 MB peak
[2018.03.09-14.00.51:959][  0]LogMemory: Process Virtual Memory: 269.76 MB used, 269.76 MB peak
[2018.03.09-14.00.51:959][  0]LogMemory: Physical Memory: 7259.15 MB used,  17256.68 MB free, 24515.83 MB total
[2018.03.09-14.00.51:959][  0]LogMemory: Virtual Memory: 677.55 MB used,  17256.68 MB free, 134217728.00 MB total
[2018.03.09-14.00.52:102][  0]LogInit: Using OS detected language (es-MX).
[2018.03.09-14.00.52:102][  0]LogInit: Using OS detected locale (es-MX).
[2018.03.09-14.00.52:105][  0]LogTextLocalizationManager: No specific localization for 'es-MX' exists, so the 'es' localization will be used.
[2018.03.09-14.00.52:679][  0]LogD3D11RHI: D3D11 adapters:
[2018.03.09-14.00.52:745][  0]LogD3D11RHI:    0. 'NVIDIA GeForce GTX 1070' (Feature Level 11_0)
[2018.03.09-14.00.52:745][  0]LogD3D11RHI:       8081/0/12257 MB DedicatedVideo/DedicatedSystem/SharedSystem, Outputs:1, VendorId:0x10de
[2018.03.09-14.00.52:748][  0]LogD3D11RHI:    1. 'Microsoft Basic Render Driver' (Feature Level 11_0)
[2018.03.09-14.00.52:748][  0]LogD3D11RHI:       0/0/12257 MB DedicatedVideo/DedicatedSystem/SharedSystem, Outputs:0, VendorId:0x1414
[2018.03.09-14.00.52:748][  0]LogD3D11RHI: Chosen D3D11 Adapter: 0
[2018.03.09-14.00.52:758][  0]LogD3D11RHI: Creating new Direct3DDevice
[2018.03.09-14.00.52:758][  0]LogD3D11RHI:     GPU DeviceId: 0x1be1 (for the marketing name, search the web for "GPU Device Id")
[2018.03.09-14.00.52:758][  0]LogWindows: EnumDisplayDevices:
[2018.03.09-14.00.52:758][  0]LogWindows:    0. 'NVIDIA GeForce GTX 1070' (P:1 D:1)
[2018.03.09-14.00.52:758][  0]LogWindows:    1. 'NVIDIA GeForce GTX 1070' (P:0 D:0)
[2018.03.09-14.00.52:758][  0]LogWindows:    2. 'NVIDIA GeForce GTX 1070' (P:0 D:0)
[2018.03.09-14.00.52:758][  0]LogWindows:    3. 'NVIDIA GeForce GTX 1070' (P:0 D:0)
[2018.03.09-14.00.52:759][  0]LogWindows: DebugString: GetVideoDriverDetailsInvalid PrimaryIsNotTheChoosenAdapter GetVideoDriverDetailsInvalid PrimaryIsNotTheChoosenAdapter GetVideoDriverDetailsInvalid PrimaryIsNotTheChoosenAdapter GetVideoDriverDetailsInvalid PrimaryIsNotTheChoosenAdapter FoundDriverCount:0 
[2018.03.09-14.00.52:759][  0]LogD3D11RHI:     Adapter Name: NVIDIA GeForce GTX 1070
[2018.03.09-14.00.52:759][  0]LogD3D11RHI:   Driver Version: Unknown (internal:Unknown, unified:Unknown)
[2018.03.09-14.00.52:759][  0]LogD3D11RHI:      Driver Date: Unknown
[2018.03.09-14.00.52:759][  0]LogRHI: Texture pool is 5656 MB (70% of 8081 MB)
[2018.03.09-14.00.52:805][  0]LogD3D11RHI: Async texture creation enabled
[2018.03.09-14.00.52:823][  0]LogD3D11RHI: GPU Timing Frequency: 1000.000000 (Debug: 2 2)
[2018.03.09-14.00.52:865][  0]LogShaderCompilers: Guid format shader working directory is 4 characters bigger than the processId version (C:/Users/adler/Desktop/TallerVerticalZipUp/Intermediate/Shaders/WorkingDirectory/8028/).
[2018.03.09-14.00.52:865][  0]LogShaderCompilers: Cleaned the shader compiler working directory 'C:/Users/adler/AppData/Local/Temp/UnrealShaderWorkingDir/A354003A438ACE85399EA2A894DF6117/'.
[2018.03.09-14.00.52:865][  0]LogShaderCompilers: Display: Using Local Shader Compiler.
[2018.03.09-14.00.54:212][  0]LogTemp: Display: Loaded TP WindowsClientTargetPlatform
[2018.03.09-14.00.54:262][  0]LogTemp: Display: Loaded TP WindowsNoEditorTargetPlatform
[2018.03.09-14.00.54:317][  0]LogTemp: Display: Loaded TP WindowsServerTargetPlatform
[2018.03.09-14.00.54:361][  0]LogTemp: Display: Loaded TP WindowsTargetPlatform
[2018.03.09-14.00.54:361][  0]LogTargetPlatformManager: Display: Building Assets For Windows
[2018.03.09-14.00.54:796][  0]LogDerivedDataCache: Display: Max Cache Size: 512 MB
[2018.03.09-14.00.54:892][  0]LogDerivedDataCache: Loaded boot cache 0.10s 79MB C:/Users/adler/AppData/Local/UnrealEngine/4.18/DerivedDataCache/Boot.ddc.
[2018.03.09-14.00.54:892][  0]LogDerivedDataCache: Display: Loaded Boot cache: C:/Users/adler/AppData/Local/UnrealEngine/4.18/DerivedDataCache/Boot.ddc
[2018.03.09-14.00.54:893][  0]LogDerivedDataCache: FDerivedDataBackendGraph:  Pak pak cache file C:/Users/adler/Desktop/TallerVerticalZipUp/DerivedDataCache/DDC.ddp not found, will not use a pak cache.
[2018.03.09-14.00.54:893][  0]LogDerivedDataCache: Unable to find inner node Pak for hierarchical cache Hierarchy.
[2018.03.09-14.00.54:893][  0]LogDerivedDataCache: FDerivedDataBackendGraph:  CompressedPak pak cache file C:/Users/adler/Desktop/TallerVerticalZipUp/DerivedDataCache/Compressed.ddp not found, will not use a pak cache.
[2018.03.09-14.00.54:893][  0]LogDerivedDataCache: Unable to find inner node CompressedPak for hierarchical cache Hierarchy.
[2018.03.09-14.00.54:915][  0]LogDerivedDataCache: Display: Pak cache opened for reading ../../../Engine/DerivedDataCache/Compressed.ddp.
[2018.03.09-14.00.54:927][  0]LogDerivedDataCache: Using Local data cache path C:/Users/adler/AppData/Local/UnrealEngine/Common/DerivedDataCache: Writable
[2018.03.09-14.00.54:942][  0]LogMaterial: Verifying Global Shaders for PCD3D_SM5
[2018.03.09-14.00.54:942][  0]LogSlate: Using Freetype 2.6.0
[2018.03.09-14.00.54:943][  0]LogSlate: SlateFontCache - WITH_FREETYPE: 1, WITH_HARFBUZZ: 1
[2018.03.09-14.00.54:943][  0]LogSlate: SlateFontCache - WITH_FREETYPE: 1, WITH_HARFBUZZ: 1
[2018.03.09-14.00.55:299][  0]LogAssetRegistry: FAssetRegistry took 0.0069 seconds to start up
[2018.03.09-14.00.55:324][  0]LogPackageLocalizationCache: Processed 7 localized package path(s) for 2 prioritized culture(s) in 0.024847 seconds
[2018.03.09-14.00.55:459][  0]LogInit: Selected Device Profile: [Windows]
[2018.03.09-14.00.55:817][  0]LogSimplygon: Simplygon DLL not present - disabling.
[2018.03.09-14.00.55:854][  0]LogMeshReduction: Using SimplygonSwarm for distributed automatic mesh merging
[2018.03.09-14.00.55:854][  0]LogMeshReduction: Using QuadricMeshReduction for automatic static mesh reduction
[2018.03.09-14.00.55:854][  0]LogMeshReduction: No automatic skeletal mesh reduction module available
[2018.03.09-14.00.55:854][  0]LogMeshReduction: No automatic mesh merging module available
[2018.03.09-14.00.55:854][  0]LogMeshMerging: No automatic mesh merging module available
[2018.03.09-14.00.55:877][  0]LogNetVersion: VR_MovementTutorial , NetCL: 3709383, EngineNetVer: 2, GameNetVer: 0 (Checksum: 2323808344)
[2018.03.09-14.00.56:098][  0]LogInit: Warning: Passing commandline switches using / instead of - has been deprecated and will be removed in future versions of Unreal Engine.
[2018.03.09-14.00.56:098][  0]LogInit: Warning: Passing commandline switches using / instead of - has been deprecated and will be removed in future versions of Unreal Engine.
[2018.03.09-14.00.56:099][  0]LogInit: Warning: Passing commandline switches using / instead of - has been deprecated and will be removed in future versions of Unreal Engine.
[2018.03.09-14.00.56:447][  0]LogInit: WinSock: version 1.1 (2.2), MaxSocks=32767, MaxUdp=65467
[2018.03.09-14.00.57:771][  0]LogMoviePlayer: Initializing movie player
[2018.03.09-14.00.58:100][  0]LogCollectionManager: Loaded 0 collections in 0.000954 seconds
[2018.03.09-14.00.58:149][  0]LogFileCache: Scanning file cache for directory 'C:/Users/adler/Desktop/TallerVerticalZipUp/Saved/Collections/' took 0.01s
[2018.03.09-14.00.58:149][  0]LogFileCache: Scanning file cache for directory 'C:/Users/adler/Desktop/TallerVerticalZipUp/Content/Developers/adler/Collections/' took 0.01s
[2018.03.09-14.00.58:149][  0]LogFileCache: Scanning file cache for directory 'C:/Users/adler/Desktop/TallerVerticalZipUp/Content/Collections/' took 0.01s
[2018.03.09-14.00.58:149][  0]LogCollectionManager: Rebuilt the object cache for 0 collections in 0.000001 seconds (found 0 objects)
[2018.03.09-14.00.58:149][  0]LogCollectionManager: Fixed up redirectors for 0 collections in 0.000135 seconds (updated 0 objects)
[2018.03.09-14.00.58:322][  0]LogTcpMessaging: Initializing TcpMessaging bridge
[2018.03.09-14.00.58:363][  0]LogUdpMessaging: Initializing bridge on interface 0.0.0.0:0 to multicast group 230.0.0.1:6666.
[2018.03.09-14.00.58:857][  0]LogInit: Warning: Passing commandline switches using / instead of - has been deprecated and will be removed in future versions of Unreal Engine.
[2018.03.09-14.00.58:858][  0]SourceControl: El control de código fuente está desactivado
[2018.03.09-14.00.58:858][  0]SourceControl: El control de código fuente está desactivado
[2018.03.09-14.00.58:909][  0]SourceControl: El control de código fuente está desactivado
[2018.03.09-14.00.59:311][  0]LogAndroidPermission: UAndroidPermissionCallbackProxy::GetInstance
[2018.03.09-14.00.59:574][  0]LogOcInput: OculusInput pre-init called
[2018.03.09-14.00.59:687][  0]LogUObjectArray: 38923 objects as part of root set at end of initial load.
[2018.03.09-14.00.59:687][  0]LogUObjectAllocator: 8349200 out of 0 bytes used by permanent object pool.
[2018.03.09-14.00.59:687][  0]LogUObjectArray: CloseDisregardForGC: 0/0 objects in disregard for GC pool
[2018.03.09-14.00.59:801][  0]LogEngine: Initializing Engine...
[2018.03.09-14.00.59:826][  0]LogHMD: Failed to initialize OpenVR with code 126
[2018.03.09-14.01.00:079][  0]LogStats: UGameplayTagsManager::ConstructGameplayTagTree: Construct from data asset -  0.000 s
[2018.03.09-14.01.00:079][  0]LogStats: UGameplayTagsManager::ConstructGameplayTagTree: GameplayTagTreeChangedEvent.Broadcast -  0.000 s
[2018.03.09-14.01.00:092][  0]LogInit: XAudio2 using 'Altavoces (Realtek High Definition Audio)' : 2 channels at 48 kHz using 32 bits per sample (channel mask 0x3)
[2018.03.09-14.01.00:118][  0]LogInit: FAudioDevice initialized.
[2018.03.09-14.01.00:148][  0]LogInit: Texture streaming: Enabled
[2018.03.09-14.01.00:200][  0]LogMaterial: Uniform references updated for custom material expression Custom.
[2018.03.09-14.01.00:734][  0]LogInit: Warning: Passing commandline switches using / instead of - has been deprecated and will be removed in future versions of Unreal Engine.
[2018.03.09-14.01.00:777][  0]LogInit: Display: Game Engine Initialized.
[2018.03.09-14.01.00:777][  0]LogGameplayTags: Display: UGameplayTagsManager::DoneAddingNativeTags. DelegateIsBound: 0
[2018.03.09-14.01.00:929][  0]LogInit: Display: Starting Game.
[2018.03.09-14.01.00:929][  0]LogNet: Browse: /Game/VirtualRealityBP/Maps/MotionControllerMap?Name=Player
[2018.03.09-14.01.00:929][  0]LogLoad: LoadMap: /Game/VirtualRealityBP/Maps/MotionControllerMap?Name=Player
[2018.03.09-14.01.01:219][  0]LogClass: Warning: Enum '/Game/VirtualRealityBP/Blueprints/GripEnum.GripEnum' was upgraded to use FText to store its display name data. Please re-save this asset to avoid issues with localization and determinstic cooking.
[2018.03.09-14.01.01:235][  0]LogClass: Warning: Enum '/Game/VirtualRealityBP/Blueprints/VR_MovementEnum.VR_MovementEnum' was upgraded to use FText to store its display name data. Please re-save this asset to avoid issues with localization and determinstic cooking.
[2018.03.09-14.01.01:519][  0]LogLinker: Warning: No puede encontrar el archivo '/Game/Semaforo_MAT'
[2018.03.09-14.01.01:519][  0]LoadErrors: Error al cargar /Game/Semaforo_MAT.Semaforo_MAT Referenciado por Semaforo_final_pCylinder21
[2018.03.09-14.01.01:519][  0]LogUObjectGlobals: Warning: Error al cargar '/Game/Semaforo_MAT': No puede encontrar el archivo '/Game/Semaforo_MAT'
[2018.03.09-14.01.01:519][  0]LogLinker: Warning: No puede encontrar el archivo para el activo '/Game/Semaforo_MAT' mientras carga NULL.
[2018.03.09-14.01.01:519][  0]LoadErrors: Error al cargar /Game/Semaforo_MAT.Semaforo_MAT Referenciado por Semaforo_final_pCylinder21
[2018.03.09-14.01.01:519][  0]LogUObjectGlobals: Warning: Error al cargar '/Game/Semaforo_MAT': No puede encontrar el archivo para el activo '/Game/Semaforo_MAT' mientras carga NULL.
[2018.03.09-14.01.01:520][  0]LogLinker: Warning: No puede encontrar el archivo '/Game/Semaforo_MAT'
[2018.03.09-14.01.01:520][  0]LoadErrors: Error al cargar /Game/Semaforo_MAT.Semaforo_MAT Referenciado por Semaforo_final_pCylinder21
[2018.03.09-14.01.01:520][  0]LogUObjectGlobals: Warning: Error al cargar '/Game/Semaforo_MAT': No puede encontrar el archivo '/Game/Semaforo_MAT'
[2018.03.09-14.01.01:520][  0]LogLinker: Warning: No puede encontrar el archivo para el activo '/Game/Semaforo_MAT' mientras carga NULL.
[2018.03.09-14.01.01:520][  0]LoadErrors: Error al cargar /Game/Semaforo_MAT.Semaforo_MAT Referenciado por Semaforo_final_pCylinder21
[2018.03.09-14.01.01:520][  0]LogUObjectGlobals: Warning: Error al cargar '/Game/Semaforo_MAT': No puede encontrar el archivo para el activo '/Game/Semaforo_MAT' mientras carga NULL.
[2018.03.09-14.01.02:276][  0]LogAIModule: Creating AISystem for world MotionControllerMap
[2018.03.09-14.01.02:276][  0]LogUObjectGlobals: Warning: Error al encontrar el objeto 'Class Ninguno.'
[2018.03.09-14.01.02:276][  0]LogLoad: Game class is 'GameModeBase'
[2018.03.09-14.01.02:280][  0]PIE: Warning: Trying to simulate physics on ''/Game/VirtualRealityBP/Maps/MotionControllerMap.MotionControllerMap:PersistentLevel.flashlight_BP_218.StaticMeshComponent0'' but it has ComplexAsSimple collision.
[2018.03.09-14.01.02:295][  0]LogWorld: Bringing World /Game/VirtualRealityBP/Maps/MotionControllerMap.MotionControllerMap up for play (max tick rate 0) at 2018.03.09-08.01.02
[2018.03.09-14.01.02:296][  0]LogWorld: Bringing up level for play took: 0.019403
[2018.03.09-14.01.02:296][  0]LogGameMode: FindPlayerStart: PATHS NOT DEFINED or NO PLAYERSTART with positive rating
[2018.03.09-14.01.02:301][  0]LogLoad: Took 1.371804 seconds to LoadMap(/Game/VirtualRealityBP/Maps/MotionControllerMap)
[2018.03.09-14.01.02:507][  0]LogRenderer: Reallocating scene render targets to support 1280x720 Format 26 NumSamples 1 (Frame:1).
[2018.03.09-14.01.02:508][  0]LogLoad: (Engine Initialization) Total time: 12.76 seconds
[2018.03.09-14.01.02:508][  0]LogLoad: (Engine Initialization) Total Blueprint compile time: 0.00 seconds
[2018.03.09-14.01.02:508][  0]LogExternalProfiler: No external profilers were discovered.  External profiling features will not be available.
[2018.03.09-14.01.02:531][  0]LogContentStreaming: Texture pool size now 1000 MB
